This file contains any messages produced by compilers while
running configure, to aid debugging if configure makes a mistake.

It was created by Apertium Lakota-English configure 0.1.0, which was
generated by GNU Autoconf 2.69.  Invocation command line was

  $ ./configure --with-lang1=../ling073-lkt --with-lang2=../apertium-eng

## --------- ##
## Platform. ##
## --------- ##

hostname = ekans
uname -m = x86_64
uname -r = 5.4.0-104-generic
uname -s = Linux
uname -v = #118-Ubuntu SMP Wed Mar 2 19:02:41 UTC 2022

/usr/bin/uname -p = x86_64
/bin/uname -X     = unknown

/bin/arch              = x86_64
/usr/bin/arch -k       = unknown
/usr/convex/getsysinfo = unknown
/usr/bin/hostinfo      = unknown
/bin/machine           = unknown
/usr/bin/oslevel       = unknown
/bin/universe          = unknown

PATH: /home/dmahaja1/bin
PATH: /usr/swat/bin
PATH: /usr/local/bin
PATH: /bin
PATH: /sbin
PATH: /usr/bin
PATH: /usr/sbin
PATH: /usr/X11R6/bin
PATH: /usr/local/bin


## ----------- ##
## Core tests. ##
## ----------- ##

configure:1881: checking for a BSD-compatible install
configure:1949: result: /bin/install -c
configure:1960: checking whether build environment is sane
configure:2015: result: yes
configure:2164: checking for a thread-safe mkdir -p
configure:2203: result: /bin/mkdir -p
configure:2210: checking for gawk
configure:2226: found /bin/gawk
configure:2237: result: gawk
configure:2248: checking whether make sets $(MAKE)
configure:2270: result: yes
configure:2299: checking whether make supports nested variables
configure:2316: result: yes
configure:2446: checking for gawk
configure:2473: result: gawk
configure:2539: checking for pkg-config
configure:2557: found /bin/pkg-config
configure:2569: result: /bin/pkg-config
configure:2594: checking pkg-config is at least version 0.9.0
configure:2597: result: yes
configure:2607: checking for APERTIUM
configure:2614: $PKG_CONFIG --exists --print-errors "apertium >= 3.6.1"
configure:2617: $? = 0
configure:2631: $PKG_CONFIG --exists --print-errors "apertium >= 3.6.1"
configure:2634: $? = 0
configure:2692: result: yes
configure:2698: checking for LTTOOLBOX
configure:2705: $PKG_CONFIG --exists --print-errors "lttoolbox >= 3.5.1"
configure:2708: $? = 0
configure:2722: $PKG_CONFIG --exists --print-errors "lttoolbox >= 3.5.1"
configure:2725: $? = 0
configure:2783: result: yes
configure:2791: checking for HFST
configure:2798: $PKG_CONFIG --exists --print-errors "hfst >= 3.15.1"
configure:2801: $? = 0
configure:2815: $PKG_CONFIG --exists --print-errors "hfst >= 3.15.1"
configure:2818: $? = 0
configure:2876: result: yes
configure:2883: checking for CG3
configure:2890: $PKG_CONFIG --exists --print-errors "cg3 >= 1.3.1"
configure:2893: $? = 0
configure:2907: $PKG_CONFIG --exists --print-errors "cg3 >= 1.3.1"
configure:2910: $? = 0
configure:2968: result: yes
configure:2974: checking for APERTIUM_LEX_TOOLS
configure:2981: $PKG_CONFIG --exists --print-errors "apertium-lex-tools >= 0.2.3"
configure:2984: $? = 0
configure:2998: $PKG_CONFIG --exists --print-errors "apertium-lex-tools >= 0.2.3"
configure:3001: $? = 0
configure:3059: result: yes
configure:3068: checking for APERTIUM_RECURSIVE
configure:3075: $PKG_CONFIG --exists --print-errors "apertium-recursive >= 0.0.1"
configure:3078: $? = 0
configure:3092: $PKG_CONFIG --exists --print-errors "apertium-recursive >= 0.0.1"
configure:3095: $? = 0
configure:3153: result: yes
configure:3162: checking for gzcat
configure:3195: result: no
configure:3162: checking for zcat
configure:3180: found /bin/zcat
configure:3192: result: /bin/zcat
configure:3661: checking for REGTEST
configure:3668: $PKG_CONFIG --exists --print-errors "apertium-regtest >= 0.0.1"
configure:3671: $? = 0
configure:3685: $PKG_CONFIG --exists --print-errors "apertium-regtest >= 0.0.1"
configure:3688: $? = 0
configure:3728: result: yes
configure:3964: checking that generated files are newer than configure
configure:3970: result: done
configure:3978: creating ./config.status

## ---------------------- ##
## Running config.status. ##
## ---------------------- ##

This file was extended by Apertium Lakota-English config.status 0.1.0, which was
generated by GNU Autoconf 2.69.  Invocation command line was

  CONFIG_FILES    = 
  CONFIG_HEADERS  = 
  CONFIG_LINKS    = 
  CONFIG_COMMANDS = 
  $ ./config.status 

on ekans

config.status:794: creating Makefile

## ---------------- ##
## Cache variables. ##
## ---------------- ##

ac_cv_env_APERTIUM_CFLAGS_set=
ac_cv_env_APERTIUM_CFLAGS_value=
ac_cv_env_APERTIUM_ENG_CFLAGS_set=
ac_cv_env_APERTIUM_ENG_CFLAGS_value=
ac_cv_env_APERTIUM_ENG_LIBS_set=
ac_cv_env_APERTIUM_ENG_LIBS_value=
ac_cv_env_APERTIUM_LEX_TOOLS_CFLAGS_set=
ac_cv_env_APERTIUM_LEX_TOOLS_CFLAGS_value=
ac_cv_env_APERTIUM_LEX_TOOLS_LIBS_set=
ac_cv_env_APERTIUM_LEX_TOOLS_LIBS_value=
ac_cv_env_APERTIUM_LIBS_set=
ac_cv_env_APERTIUM_LIBS_value=
ac_cv_env_APERTIUM_LKT_CFLAGS_set=
ac_cv_env_APERTIUM_LKT_CFLAGS_value=
ac_cv_env_APERTIUM_LKT_LIBS_set=
ac_cv_env_APERTIUM_LKT_LIBS_value=
ac_cv_env_APERTIUM_RECURSIVE_CFLAGS_set=
ac_cv_env_APERTIUM_RECURSIVE_CFLAGS_value=
ac_cv_env_APERTIUM_RECURSIVE_LIBS_set=
ac_cv_env_APERTIUM_RECURSIVE_LIBS_value=
ac_cv_env_AP_LIB1_set=
ac_cv_env_AP_LIB1_value=
ac_cv_env_AP_LIB2_set=
ac_cv_env_AP_LIB2_value=
ac_cv_env_AP_SRC1_set=
ac_cv_env_AP_SRC1_value=
ac_cv_env_AP_SRC2_set=
ac_cv_env_AP_SRC2_value=
ac_cv_env_AP_SUBDIRS_set=
ac_cv_env_AP_SUBDIRS_value=
ac_cv_env_CG3_CFLAGS_set=
ac_cv_env_CG3_CFLAGS_value=
ac_cv_env_CG3_LIBS_set=
ac_cv_env_CG3_LIBS_value=
ac_cv_env_HFST_CFLAGS_set=
ac_cv_env_HFST_CFLAGS_value=
ac_cv_env_HFST_LIBS_set=
ac_cv_env_HFST_LIBS_value=
ac_cv_env_LTTOOLBOX_CFLAGS_set=
ac_cv_env_LTTOOLBOX_CFLAGS_value=
ac_cv_env_LTTOOLBOX_LIBS_set=
ac_cv_env_LTTOOLBOX_LIBS_value=
ac_cv_env_PKG_CONFIG_LIBDIR_set=
ac_cv_env_PKG_CONFIG_LIBDIR_value=
ac_cv_env_PKG_CONFIG_PATH_set=set
ac_cv_env_PKG_CONFIG_PATH_value=:/usr/local/share/pkgconfig:/usr/local/lib/pkgconfig
ac_cv_env_PKG_CONFIG_set=
ac_cv_env_PKG_CONFIG_value=
ac_cv_env_REGTEST_CFLAGS_set=
ac_cv_env_REGTEST_CFLAGS_value=
ac_cv_env_REGTEST_LIBS_set=
ac_cv_env_REGTEST_LIBS_value=
ac_cv_env_build_alias_set=
ac_cv_env_build_alias_value=
ac_cv_env_host_alias_set=
ac_cv_env_host_alias_value=
ac_cv_env_target_alias_set=
ac_cv_env_target_alias_value=
ac_cv_path_ZCAT=/bin/zcat
ac_cv_path_ac_pt_PKG_CONFIG=/bin/pkg-config
ac_cv_path_install='/bin/install -c'
ac_cv_path_mkdir=/bin/mkdir
ac_cv_prog_AWK=gawk
ac_cv_prog_make_make_set=yes
am_cv_make_support_nested_variables=yes
pkg_cv_APERTIUM_CFLAGS='-I/usr/include/apertium-3.8 -I/usr/lib/x86_64-linux-gnu/apertium-3.8/include'
pkg_cv_APERTIUM_LEX_TOOLS_CFLAGS=
pkg_cv_APERTIUM_LEX_TOOLS_LIBS=
pkg_cv_APERTIUM_LIBS=-lapertium3
pkg_cv_APERTIUM_RECURSIVE_CFLAGS=
pkg_cv_APERTIUM_RECURSIVE_LIBS=
pkg_cv_CG3_CFLAGS=-I/usr/include/
pkg_cv_CG3_LIBS=-lcg3
pkg_cv_HFST_CFLAGS=-I/usr/include/hfst/
pkg_cv_HFST_LIBS=-lhfst
pkg_cv_LTTOOLBOX_CFLAGS=-I/usr/include/lttoolbox-3.6
pkg_cv_LTTOOLBOX_LIBS=-llttoolbox3
pkg_cv_REGTEST_CFLAGS=
pkg_cv_REGTEST_LIBS=

## ----------------- ##
## Output variables. ##
## ----------------- ##

ACLOCAL='${SHELL} /home/dmahaja1/ling73-s22/ling073-lkt-eng/missing aclocal-1.16'
AMTAR='$${TAR-tar}'
AM_BACKSLASH='\'
AM_DEFAULT_V='$(AM_DEFAULT_VERBOSITY)'
AM_DEFAULT_VERBOSITY='1'
AM_V='$(V)'
APERTIUM_CFLAGS='-I/usr/include/apertium-3.8 -I/usr/lib/x86_64-linux-gnu/apertium-3.8/include'
APERTIUM_ENG_CFLAGS=''
APERTIUM_ENG_LIBS=''
APERTIUM_LEX_TOOLS_CFLAGS=''
APERTIUM_LEX_TOOLS_LIBS=''
APERTIUM_LIBS='-lapertium3'
APERTIUM_LKT_CFLAGS=''
APERTIUM_LKT_LIBS=''
APERTIUM_RECURSIVE_CFLAGS=''
APERTIUM_RECURSIVE_LIBS=''
AP_LIB1='../ling073-lkt'
AP_LIB2='../apertium-eng'
AP_SRC1='../ling073-lkt'
AP_SRC2='../apertium-eng'
AP_SUBDIRS=' ../ling073-lkt ../apertium-eng'
AUTOCONF='${SHELL} /home/dmahaja1/ling73-s22/ling073-lkt-eng/missing autoconf'
AUTOHEADER='${SHELL} /home/dmahaja1/ling73-s22/ling073-lkt-eng/missing autoheader'
AUTOMAKE='${SHELL} /home/dmahaja1/ling73-s22/ling073-lkt-eng/missing automake-1.16'
AWK='gawk'
CG3_CFLAGS='-I/usr/include/'
CG3_LIBS='-lcg3'
CYGPATH_W='echo'
DEFS='-DPACKAGE_NAME=\"Apertium\ Lakota-English\" -DPACKAGE_TARNAME=\"apertium-lkt-eng\" -DPACKAGE_VERSION=\"0.1.0\" -DPACKAGE_STRING=\"Apertium\ Lakota-English\ 0.1.0\" -DPACKAGE_BUGREPORT=\"dmahaja1@cs.swarthmore.edu\" -DPACKAGE_URL=\"https://wiki.apertium.org/wiki/Apertium-lkt-eng\" -DPACKAGE=\"apertium-lkt-eng\" -DVERSION=\"0.1.0\"'
ECHO_C=''
ECHO_N='-n'
ECHO_T=''
HFST_CFLAGS='-I/usr/include/hfst/'
HFST_LIBS='-lhfst'
INSTALL_DATA='${INSTALL} -m 644'
INSTALL_PROGRAM='${INSTALL}'
INSTALL_SCRIPT='${INSTALL}'
INSTALL_STRIP_PROGRAM='$(install_sh) -c -s'
LIBOBJS=''
LIBS=''
LTLIBOBJS=''
LTTOOLBOX_CFLAGS='-I/usr/include/lttoolbox-3.6'
LTTOOLBOX_LIBS='-llttoolbox3'
MAKEINFO='${SHELL} /home/dmahaja1/ling73-s22/ling073-lkt-eng/missing makeinfo'
MKDIR_P='/bin/mkdir -p'
PACKAGE='apertium-lkt-eng'
PACKAGE_BUGREPORT='dmahaja1@cs.swarthmore.edu'
PACKAGE_NAME='Apertium Lakota-English'
PACKAGE_STRING='Apertium Lakota-English 0.1.0'
PACKAGE_TARNAME='apertium-lkt-eng'
PACKAGE_URL='https://wiki.apertium.org/wiki/Apertium-lkt-eng'
PACKAGE_VERSION='0.1.0'
PATH_SEPARATOR=':'
PKG_CONFIG='/bin/pkg-config'
PKG_CONFIG_LIBDIR=''
PKG_CONFIG_PATH=':/usr/local/share/pkgconfig:/usr/local/lib/pkgconfig'
REGTEST_CFLAGS=''
REGTEST_LIBS=''
SET_MAKE=''
SHELL='/bin/bash'
STRIP=''
VERSION='0.1.0'
ZCAT='/bin/zcat'
am__isrc=''
am__leading_dot='.'
am__tar='$${TAR-tar} chof - "$$tardir"'
am__untar='$${TAR-tar} xf -'
bindir='${exec_prefix}/bin'
build_alias=''
datadir='${datarootdir}'
datarootdir='${prefix}/share'
docdir='${datarootdir}/doc/${PACKAGE_TARNAME}'
dvidir='${docdir}'
exec_prefix='${prefix}'
host_alias=''
htmldir='${docdir}'
includedir='${prefix}/include'
infodir='${datarootdir}/info'
install_sh='${SHELL} /home/dmahaja1/ling73-s22/ling073-lkt-eng/install-sh'
libdir='${exec_prefix}/lib'
libexecdir='${exec_prefix}/libexec'
localedir='${datarootdir}/locale'
localstatedir='${prefix}/var'
mandir='${datarootdir}/man'
mkdir_p='$(MKDIR_P)'
oldincludedir='/usr/include'
pdfdir='${docdir}'
prefix='/usr/local'
program_transform_name='s,x,x,'
psdir='${docdir}'
runstatedir='${localstatedir}/run'
sbindir='${exec_prefix}/sbin'
sharedstatedir='${prefix}/com'
sysconfdir='${prefix}/etc'
target_alias=''

## ------------------- ##
## File substitutions. ##
## ------------------- ##

ap_include='./ap_include.am'

## ----------- ##
## confdefs.h. ##
## ----------- ##

/* confdefs.h */
#define PACKAGE_NAME "Apertium Lakota-English"
#define PACKAGE_TARNAME "apertium-lkt-eng"
#define PACKAGE_VERSION "0.1.0"
#define PACKAGE_STRING "Apertium Lakota-English 0.1.0"
#define PACKAGE_BUGREPORT "dmahaja1@cs.swarthmore.edu"
#define PACKAGE_URL "https://wiki.apertium.org/wiki/Apertium-lkt-eng"
#define PACKAGE "apertium-lkt-eng"
#define VERSION "0.1.0"

configure: exit 0
