This file contains any messages produced by compilers while
running configure, to aid debugging if configure makes a mistake.

It was created by Apertium English configure 0.1.0, which was
generated by GNU Autoconf 2.69.  Invocation command line was

  $ ./configure 

## --------- ##
## Platform. ##
## --------- ##

hostname = ekans
uname -m = x86_64
uname -r = 5.4.0-104-generic
uname -s = Linux
uname -v = #118-Ubuntu SMP Wed Mar 2 19:02:41 UTC 2022

/usr/bin/uname -p = x86_64
/bin/uname -X     = unknown

/bin/arch              = x86_64
/usr/bin/arch -k       = unknown
/usr/convex/getsysinfo = unknown
/usr/bin/hostinfo      = unknown
/bin/machine           = unknown
/usr/bin/oslevel       = unknown
/bin/universe          = unknown

PATH: /home/dmahaja1/bin
PATH: /usr/swat/bin
PATH: /usr/local/bin
PATH: /bin
PATH: /sbin
PATH: /usr/bin
PATH: /usr/sbin
PATH: /usr/X11R6/bin


## ----------- ##
## Core tests. ##
## ----------- ##

configure:1807: checking for a BSD-compatible install
configure:1875: result: /bin/install -c
configure:1886: checking whether build environment is sane
configure:1941: result: yes
configure:2090: checking for a thread-safe mkdir -p
configure:2129: result: /bin/mkdir -p
configure:2136: checking for gawk
configure:2152: found /bin/gawk
configure:2163: result: gawk
configure:2174: checking whether make sets $(MAKE)
configure:2196: result: yes
configure:2225: checking whether make supports nested variables
configure:2242: result: yes
configure:2423: checking for pkg-config
configure:2441: found /bin/pkg-config
configure:2453: result: /bin/pkg-config
configure:2478: checking pkg-config is at least version 0.9.0
configure:2481: result: yes
configure:2491: checking for APERTIUM
configure:2498: $PKG_CONFIG --exists --print-errors "apertium >= 3.6.0"
configure:2501: $? = 0
configure:2515: $PKG_CONFIG --exists --print-errors "apertium >= 3.6.0"
configure:2518: $? = 0
configure:2576: result: yes
configure:2582: checking for LTTOOLBOX
configure:2589: $PKG_CONFIG --exists --print-errors "lttoolbox >= 3.5.0"
configure:2592: $? = 0
configure:2606: $PKG_CONFIG --exists --print-errors "lttoolbox >= 3.5.0"
configure:2609: $? = 0
configure:2667: result: yes
configure:2673: checking for CG3
configure:2680: $PKG_CONFIG --exists --print-errors "cg3 >= 1.3.0"
configure:2683: $? = 0
configure:2697: $PKG_CONFIG --exists --print-errors "cg3 >= 1.3.0"
configure:2700: $? = 0
configure:2758: result: yes
configure:2765: checking for REGTEST
configure:2772: $PKG_CONFIG --exists --print-errors "apertium-regtest >= 0.0.1"
configure:2775: $? = 0
configure:2789: $PKG_CONFIG --exists --print-errors "apertium-regtest >= 0.0.1"
configure:2792: $? = 0
configure:2832: result: yes
configure:3068: checking that generated files are newer than configure
configure:3074: result: done
configure:3082: creating ./config.status

## ---------------------- ##
## Running config.status. ##
## ---------------------- ##

This file was extended by Apertium English config.status 0.1.0, which was
generated by GNU Autoconf 2.69.  Invocation command line was

  CONFIG_FILES    = 
  CONFIG_HEADERS  = 
  CONFIG_LINKS    = 
  CONFIG_COMMANDS = 
  $ ./config.status 

on ekans

config.status:779: creating Makefile
config.status:779: creating apertium-eng.pc

## ---------------- ##
## Cache variables. ##
## ---------------- ##

ac_cv_env_APERTIUM_CFLAGS_set=
ac_cv_env_APERTIUM_CFLAGS_value=
ac_cv_env_APERTIUM_LIBS_set=
ac_cv_env_APERTIUM_LIBS_value=
ac_cv_env_CG3_CFLAGS_set=
ac_cv_env_CG3_CFLAGS_value=
ac_cv_env_CG3_LIBS_set=
ac_cv_env_CG3_LIBS_value=
ac_cv_env_LTTOOLBOX_CFLAGS_set=
ac_cv_env_LTTOOLBOX_CFLAGS_value=
ac_cv_env_LTTOOLBOX_LIBS_set=
ac_cv_env_LTTOOLBOX_LIBS_value=
ac_cv_env_PKG_CONFIG_LIBDIR_set=
ac_cv_env_PKG_CONFIG_LIBDIR_value=
ac_cv_env_PKG_CONFIG_PATH_set=
ac_cv_env_PKG_CONFIG_PATH_value=
ac_cv_env_PKG_CONFIG_set=
ac_cv_env_PKG_CONFIG_value=
ac_cv_env_REGTEST_CFLAGS_set=
ac_cv_env_REGTEST_CFLAGS_value=
ac_cv_env_REGTEST_LIBS_set=
ac_cv_env_REGTEST_LIBS_value=
ac_cv_env_build_alias_set=
ac_cv_env_build_alias_value=
ac_cv_env_host_alias_set=
ac_cv_env_host_alias_value=
ac_cv_env_target_alias_set=
ac_cv_env_target_alias_value=
ac_cv_path_ac_pt_PKG_CONFIG=/bin/pkg-config
ac_cv_path_install='/bin/install -c'
ac_cv_path_mkdir=/bin/mkdir
ac_cv_prog_AWK=gawk
ac_cv_prog_make_make_set=yes
am_cv_make_support_nested_variables=yes
pkg_cv_APERTIUM_CFLAGS='-I/usr/include/apertium-3.8 -I/usr/lib/x86_64-linux-gnu/apertium-3.8/include'
pkg_cv_APERTIUM_LIBS=-lapertium3
pkg_cv_CG3_CFLAGS=-I/usr/include/
pkg_cv_CG3_LIBS=-lcg3
pkg_cv_LTTOOLBOX_CFLAGS=-I/usr/include/lttoolbox-3.6
pkg_cv_LTTOOLBOX_LIBS=-llttoolbox3
pkg_cv_REGTEST_CFLAGS=
pkg_cv_REGTEST_LIBS=

## ----------------- ##
## Output variables. ##
## ----------------- ##

ACLOCAL='${SHELL} /home/dmahaja1/ling73-s22/ling073-lkt/missing aclocal-1.16'
AMTAR='$${TAR-tar}'
AM_BACKSLASH='\'
AM_DEFAULT_V='$(AM_DEFAULT_VERBOSITY)'
AM_DEFAULT_VERBOSITY='1'
AM_V='$(V)'
APERTIUM_CFLAGS='-I/usr/include/apertium-3.8 -I/usr/lib/x86_64-linux-gnu/apertium-3.8/include'
APERTIUM_LIBS='-lapertium3'
AUTOCONF='${SHELL} /home/dmahaja1/ling73-s22/ling073-lkt/missing autoconf'
AUTOHEADER='${SHELL} /home/dmahaja1/ling73-s22/ling073-lkt/missing autoheader'
AUTOMAKE='${SHELL} /home/dmahaja1/ling73-s22/ling073-lkt/missing automake-1.16'
AWK='gawk'
CG3_CFLAGS='-I/usr/include/'
CG3_LIBS='-lcg3'
CYGPATH_W='echo'
DEFS='-DPACKAGE_NAME=\"Apertium\ English\" -DPACKAGE_TARNAME=\"apertium-eng\" -DPACKAGE_VERSION=\"0.1.0\" -DPACKAGE_STRING=\"Apertium\ English\ 0.1.0\" -DPACKAGE_BUGREPORT=\"apertium-stuff@lists.sourceforge.net\" -DPACKAGE_URL=\"https://wiki.apertium.org/wiki/Apertium-eng\" -DPACKAGE=\"apertium-eng\" -DVERSION=\"0.1.0\"'
ECHO_C=''
ECHO_N='-n'
ECHO_T=''
INSTALL_DATA='${INSTALL} -m 644'
INSTALL_PROGRAM='${INSTALL}'
INSTALL_SCRIPT='${INSTALL}'
INSTALL_STRIP_PROGRAM='$(install_sh) -c -s'
LIBOBJS=''
LIBS=''
LTLIBOBJS=''
LTTOOLBOX_CFLAGS='-I/usr/include/lttoolbox-3.6'
LTTOOLBOX_LIBS='-llttoolbox3'
MAKEINFO='${SHELL} /home/dmahaja1/ling73-s22/ling073-lkt/missing makeinfo'
MKDIR_P='/bin/mkdir -p'
PACKAGE='apertium-eng'
PACKAGE_BUGREPORT='apertium-stuff@lists.sourceforge.net'
PACKAGE_NAME='Apertium English'
PACKAGE_STRING='Apertium English 0.1.0'
PACKAGE_TARNAME='apertium-eng'
PACKAGE_URL='https://wiki.apertium.org/wiki/Apertium-eng'
PACKAGE_VERSION='0.1.0'
PATH_SEPARATOR=':'
PKG_CONFIG='/bin/pkg-config'
PKG_CONFIG_LIBDIR=''
PKG_CONFIG_PATH=''
REGTEST_CFLAGS=''
REGTEST_LIBS=''
SET_MAKE=''
SHELL='/bin/bash'
STRIP=''
VERSION='0.1.0'
am__isrc=''
am__leading_dot='.'
am__tar='$${TAR-tar} chof - "$$tardir"'
am__untar='$${TAR-tar} xf -'
bindir='${exec_prefix}/bin'
build_alias=''
datadir='${datarootdir}'
datarootdir='${prefix}/share'
docdir='${datarootdir}/doc/${PACKAGE_TARNAME}'
dvidir='${docdir}'
exec_prefix='${prefix}'
host_alias=''
htmldir='${docdir}'
includedir='${prefix}/include'
infodir='${datarootdir}/info'
install_sh='${SHELL} /home/dmahaja1/ling73-s22/ling073-lkt/install-sh'
libdir='${exec_prefix}/lib'
libexecdir='${exec_prefix}/libexec'
localedir='${datarootdir}/locale'
localstatedir='${prefix}/var'
mandir='${datarootdir}/man'
mkdir_p='$(MKDIR_P)'
oldincludedir='/usr/include'
pdfdir='${docdir}'
prefix='/usr/local'
program_transform_name='s,x,x,'
psdir='${docdir}'
runstatedir='${localstatedir}/run'
sbindir='${exec_prefix}/sbin'
sharedstatedir='${prefix}/com'
sysconfdir='${prefix}/etc'
target_alias=''

## ------------------- ##
## File substitutions. ##
## ------------------- ##

ap_include='./ap_include.am'

## ----------- ##
## confdefs.h. ##
## ----------- ##

/* confdefs.h */
#define PACKAGE_NAME "Apertium English"
#define PACKAGE_TARNAME "apertium-eng"
#define PACKAGE_VERSION "0.1.0"
#define PACKAGE_STRING "Apertium English 0.1.0"
#define PACKAGE_BUGREPORT "apertium-stuff@lists.sourceforge.net"
#define PACKAGE_URL "https://wiki.apertium.org/wiki/Apertium-eng"
#define PACKAGE "apertium-eng"
#define VERSION "0.1.0"

configure: exit 0
